make all --print-data-base --no-builtin-variables --no-builtin-rules --question
# GNU Make 3.81
# Copyright (C) 2006  Free Software Foundation, Inc.
# This is free software; see the source for copying conditions.
# There is NO warranty; not even for MERCHANTABILITY or FITNESS FOR A
# PARTICULAR PURPOSE.

# This program built for i386-apple-darwin11.3.0

# Make data base, printed on Fri Jul  1 12:52:48 2022

# Variables

# automatic
<D = $(patsubst %/,%,$(dir $<))
# automatic
?F = $(notdir $?)
# environment
__NIX_DARWIN_SET_ENVIRONMENT_DONE = 1
# environment
VSCODE_LOG_NATIVE = false
# automatic
?D = $(patsubst %/,%,$(dir $?))
# automatic
@D = $(patsubst %/,%,$(dir $@))
# automatic
@F = $(notdir $@)
# makefile
CURDIR := /Users/dominic/flake
# makefile
SHELL = /bin/sh
# environment
VSCODE_NLS_CONFIG = {"locale":"en-us","availableLanguages":{},"_languagePackSupport":true}
# environment
_ = /usr/bin/make
# environment
XDG_CONFIG_DIRS = /Users/dominic/.nix-profile/etc/xdg:/etc/profiles/per-user/dominic/etc/xdg:/run/current-system/sw/etc/xdg:/nix/var/nix/profiles/default/etc/xdg
# environment
NIX_REMOTE = daemon
# environment
STARSHIP_SESSION_KEY = 7816382212341955
# environment
__HM_ZSH_SESS_VARS_SOURCED = 1
# environment
XDG_DATA_DIRS = /Users/dominic/.nix-profile/share:/etc/profiles/per-user/dominic/share:/run/current-system/sw/share:/nix/var/nix/profiles/default/share
# environment
VSCODE_VERBOSE_LOGGING = true
# environment
__CFBundleIdentifier = com.microsoft.VSCode
# environment
INFOPATH = /opt/homebrew/share/info:
# environment
VSCODE_IPC_HOOK_EXTHOST = /var/folders/_p/kkpfpp016l7gg5nbs8v5ylbh0000gn/T/vscode-ipc-e5e0cc5d-2595-4dd3-ab11-cf5ec194dad6.sock
# environment
VSCODE_CWD = /
# environment
PATH = /opt/homebrew/bin:/opt/homebrew/sbin:/Users/dominic/.nix-profile/bin:/etc/profiles/per-user/dominic/bin:/run/current-system/sw/bin:/nix/var/nix/profiles/default/bin:/usr/local/bin:/usr/bin:/usr/sbin:/bin:/sbin:/Users/dominic/go/bin:/Applications/Surge.app/Contents/Applications
# environment
FZF_COMPLETION_TRIGGER = \
# makefile (from `Makefile', line 1)
MAKEFILE_LIST :=  Makefile
# environment
NIX_USER_PROFILE_DIR = /nix/var/nix/profiles/per-user/dominic
# environment
VSCODE_LOG_STACK = false
# environment
ELECTRON_RUN_AS_NODE = 1
# default
.FEATURES := target-specific order-only second-expansion else-if archives jobserver check-symlink
# environment
LS_COLORS = di=1;34:ln=0;36:pi=0;33:bd=1;33:cd=1;33:so=1;31:ex=1;32:*README=1;4;33:*README.txt=1;4;33:*README.md=1;4;33:*readme.txt=1;4;33:*readme.md=1;4;33:*.ninja=1;4;33:*Makefile=1;4;33:*Cargo.toml=1;4;33:*SConstruct=1;4;33:*CMakeLists.txt=1;4;33:*build.gradle=1;4;33:*pom.xml=1;4;33:*Rakefile=1;4;33:*package.json=1;4;33:*Gruntfile.js=1;4;33:*Gruntfile.coffee=1;4;33:*BUILD=1;4;33:*BUILD.bazel=1;4;33:*WORKSPACE=1;4;33:*build.xml=1;4;33:*Podfile=1;4;33:*webpack.config.js=1;4;33:*meson.build=1;4;33:*composer.json=1;4;33:*RoboFile.php=1;4;33:*PKGBUILD=1;4;33:*Justfile=1;4;33:*Procfile=1;4;33:*Dockerfile=1;4;33:*Containerfile=1;4;33:*Vagrantfile=1;4;33:*Brewfile=1;4;33:*Gemfile=1;4;33:*Pipfile=1;4;33:*build.sbt=1;4;33:*mix.exs=1;4;33:*bsconfig.json=1;4;33:*tsconfig.json=1;4;33:*.zip=0;31:*.tar=0;31:*.Z=0;31:*.z=0;31:*.gz=0;31:*.bz2=0;31:*.a=0;31:*.ar=0;31:*.7z=0;31:*.iso=0;31:*.dmg=0;31:*.tc=0;31:*.rar=0;31:*.par=0;31:*.tgz=0;31:*.xz=0;31:*.txz=0;31:*.lz=0;31:*.tlz=0;31:*.lzma=0;31:*.deb=0;31:*.rpm=0;31:*.zst=0;31:*.lz4=0;31
# environment
SSH_AUTH_SOCK = /private/tmp/com.apple.launchd.VzF9BTDumV/Listeners
# automatic
%F = $(notdir $%)
# environment
YSU_VERSION = 1.7.3
# environment
NIX_SSL_CERT_FILE = /etc/ssl/certs/ca-certificates.crt
# environment
VSCODE_PIPE_LOGGING = true
# environment
PWD = /Users/dominic/flake
# environment
HOMEBREW_CELLAR = /opt/homebrew/Cellar
# environment
ORIGINAL_XDG_CURRENT_DESKTOP = undefined
# environment
MANPATH = /opt/homebrew/share/man:
# environment
VSCODE_AMD_ENTRYPOINT = vs/workbench/api/node/extensionHostProcess
# environment
HOME = /Users/dominic
# environment
MOZ_LEGACY_PROFILES = 1
# default
MAKEFILEPATH := /Applications/Xcode.app/Contents/Developer/Makefiles
# environment
VSCODE_CODE_CACHE_PATH = /Users/dominic/Library/Application Support/Code/CachedData/30d9c6cd9483b2cc586687151bcbcd635f373630
# environment
LOGNAME = dominic
# environment
APPLICATION_INSIGHTS_NO_DIAGNOSTIC_CHANNEL = true
# environment
VSCODE_HANDLES_UNCAUGHT_ERRORS = true
# automatic
^D = $(patsubst %/,%,$(dir $^))
# environment
XPC_FLAGS = 0x0
# default
MAKE = $(MAKE_COMMAND)
# default
MAKECMDGOALS := all
# environment
SHLVL = 1
# environment
NIX_PATH = darwin-config=/Users/dominic/.nixpkgs/darwin-configuration.nix:/nix/var/nix/profiles/per-user/root/channels:/Users/dominic/.nix-defexpr/channels
# environment
NIX_PROFILES = /nix/var/nix/profiles/default /run/current-system/sw /etc/profiles/per-user/dominic /Users/dominic/.nix-profile
# default
MAKE_VERSION := 3.81
# environment
USER = dominic
# makefile
.DEFAULT_GOAL := skhd-init
# automatic
%D = $(patsubst %/,%,$(dir $%))
# default
MAKE_COMMAND := /Applications/Xcode.app/Contents/Developer/usr/bin/make
# default
.VARIABLES := 
# environment
TMPDIR = /var/folders/_p/kkpfpp016l7gg5nbs8v5ylbh0000gn/T/
# automatic
*F = $(notdir $*)
# environment
__HM_SESS_VARS_SOURCED = 1
# environment
VSCODE_IPC_HOOK = /Users/dominic/Library/Application Support/Code/1.68.1-main.sock
# environment
__ETC_ZSHENV_SOURCED = 1
# makefile
MAKEFLAGS = Rrqp
# environment
MFLAGS = -Rrqp
# automatic
*D = $(patsubst %/,%,$(dir $*))
# environment
XPC_SERVICE_NAME = application.com.microsoft.VSCode.67478507.67478513
# environment
HOMEBREW_PREFIX = /opt/homebrew
# automatic
+D = $(patsubst %/,%,$(dir $+))
# automatic
+F = $(notdir $+)
# environment
HOMEBREW_REPOSITORY = /opt/homebrew
# environment
__CF_USER_TEXT_ENCODING = 0x1F5:0:0
# environment
COMMAND_MODE = unix2003
# default
MAKEFILES := 
# environment
MOZ_ALLOW_DOWNGRADE = 1
# automatic
<F = $(notdir $<)
# environment
EDITOR = nvim
# environment
PAGER = bat
# environment
LC_ALL = C
# automatic
^F = $(notdir $^)
# default
SUFFIXES := 
# environment
MAKELEVEL := 0
# environment
LANG = C
# environment
TERM = 
# environment
VSCODE_PID = 1008
# environment
STARSHIP_SHELL = zsh
# variable set hash-table stats:
# Load=87/1024=8%, Rehash=0, Collisions=5/102=5%

# Pattern-specific Variable Values

# No pattern-specific variable values.

# Directories

# . (device 16777234, inode 65183633): 25 files, no impossibilities.

# 25 files, no impossibilities in 1 directories.

# Implicit Rules

# No implicit rules.

# Files

# Not a target:
all:
#  Command-line target.
#  Implicit rule search has not been done.
#  Modification time never checked.
#  File has not been updated.

# Not a target:
.SUFFIXES:
#  Implicit rule search has not been done.
#  Modification time never checked.
#  File has not been updated.

# Not a target:
Makefile:
#  Implicit rule search has not been done.
#  Modification time never checked.
#  File has not been updated.

# Not a target:
.DEFAULT:
#  Implicit rule search has not been done.
#  Modification time never checked.
#  File has not been updated.

skhd-init:
#  Implicit rule search has not been done.
#  Modification time never checked.
#  File has not been updated.

# files hash-table stats:
# Load=5/1024=0%, Rehash=0, Collisions=0/6=0%
# VPATH Search Paths

# No `vpath' search paths.

# No general (`VPATH' variable) search path.

# # of strings in strcache: 1
# # of strcache buffers: 1
# strcache size: total = 4096 / max = 4096 / min = 4096 / avg = 4096
# strcache free: total = 4087 / max = 4087 / min = 4087 / avg = 4087

# Finished Make data base on Fri Jul  1 12:52:48 2022

 
Makefile:2: *** missing separator.  Stop.

